
        Message type:       WARNING
        Location:           C:\flask\venv\lib\site-packages\flask_maple\error.py:32
        Module:             error
        Function:           not_found
        Time:               2018-02-01 04:00:42,060

        Message:

        404 Not Found: The requested URL was not found on the server.  If you entered the URL manually please check your spelling and try again.
        

        Message type:       WARNING
        Location:           C:\flask\venv\lib\site-packages\flask_maple\error.py:32
        Module:             error
        Function:           not_found
        Time:               2018-02-01 04:06:46,696

        Message:

        404 Not Found: The requested URL was not found on the server.  If you entered the URL manually please check your spelling and try again.
        

        Message type:       WARNING
        Location:           C:\flask\venv\lib\site-packages\flask_maple\error.py:32
        Module:             error
        Function:           not_found
        Time:               2018-02-01 04:07:00,522

        Message:

        404 Not Found: The requested URL was not found on the server.  If you entered the URL manually please check your spelling and try again.
        

        Message type:       WARNING
        Location:           C:\flask\venv\lib\site-packages\flask_maple\error.py:32
        Module:             error
        Function:           not_found
        Time:               2018-02-01 04:07:00,551

        Message:

        404 Not Found: The requested URL was not found on the server.  If you entered the URL manually please check your spelling and try again.
        

        Message type:       WARNING
        Location:           C:\flask\venv\lib\site-packages\flask_maple\error.py:32
        Module:             error
        Function:           not_found
        Time:               2018-02-01 04:07:16,588

        Message:

        404 Not Found: The requested URL was not found on the server.  If you entered the URL manually please check your spelling and try again.
        

        Message type:       WARNING
        Location:           C:\flask\venv\lib\site-packages\flask_maple\error.py:32
        Module:             error
        Function:           not_found
        Time:               2018-02-01 04:39:26,115

        Message:

        404 Not Found: The requested URL was not found on the server.  If you entered the URL manually please check your spelling and try again.
        

        Message type:       WARNING
        Location:           C:\flask\venv\lib\site-packages\flask_maple\error.py:32
        Module:             error
        Function:           not_found
        Time:               2018-02-02 21:50:51,562

        Message:

        404 Not Found: The requested URL was not found on the server.  If you entered the URL manually please check your spelling and try again.
        

        Message type:       WARNING
        Location:           C:\flask\venv\lib\site-packages\flask_maple\error.py:32
        Module:             error
        Function:           not_found
        Time:               2018-02-02 21:51:40,564

        Message:

        404 Not Found: The requested URL was not found on the server.  If you entered the URL manually please check your spelling and try again.
        

        Message type:       ERROR
        Location:           C:\flask\venv\lib\site-packages\flask\app.py:1560
        Module:             app
        Function:           log_exception
        Time:               2018-02-03 05:28:18,006

        Message:

        Exception on /captcha [GET]
        
Traceback (most recent call last):
  File "C:\flask\venv\lib\site-packages\flask\app.py", line 1982, in wsgi_app
    response = self.full_dispatch_request()
  File "C:\flask\venv\lib\site-packages\flask\app.py", line 1614, in full_dispatch_request
    rv = self.handle_user_exception(e)
  File "C:\flask\venv\lib\site-packages\flask\app.py", line 1517, in handle_user_exception
    reraise(exc_type, exc_value, tb)
  File "C:\flask\venv\lib\site-packages\flask\_compat.py", line 33, in reraise
    raise value
  File "C:\flask\venv\lib\site-packages\flask\app.py", line 1612, in full_dispatch_request
    rv = self.dispatch_request()
  File "C:\flask\venv\lib\site-packages\flask\app.py", line 1598, in dispatch_request
    return self.view_functions[rule.endpoint](**req.view_args)
  File "C:\flask\venv\lib\site-packages\flask_maple\captcha.py", line 41, in _response
    buf = t.start(font_type=self.font)
  File "C:\flask\venv\lib\site-packages\flask_maple\captcha.py", line 129, in start
    code_img = self.create_validate_code()
  File "C:\flask\venv\lib\site-packages\flask_maple\captcha.py", line 78, in create_validate_code
    width, height, fg_color)
  File "C:\flask\venv\lib\site-packages\flask_maple\captcha.py", line 114, in create_strs
    font = ImageFont.truetype(font_type, font_size)
  File "C:\flask\venv\lib\site-packages\PIL\ImageFont.py", line 260, in truetype
    return FreeTypeFont(font, size, index, encoding, layout_engine)
  File "C:\flask\venv\lib\site-packages\PIL\ImageFont.py", line 143, in __init__
    self.font = core.getfont(font, size, index, encoding, layout_engine=layout_engine)
OSError: cannot open resource

        Message type:       ERROR
        Location:           C:\flask\venv\lib\site-packages\flask_maple\error.py:36
        Module:             error
        Function:           error
        Time:               2018-02-03 05:28:18,119

        Message:

        cannot open resource
        

        Message type:       ERROR
        Location:           C:\flask\venv\lib\site-packages\flask\app.py:1560
        Module:             app
        Function:           log_exception
        Time:               2018-02-03 05:31:52,216

        Message:

        Exception on /captcha [GET]
        
Traceback (most recent call last):
  File "C:\flask\venv\lib\site-packages\flask\app.py", line 1982, in wsgi_app
    response = self.full_dispatch_request()
  File "C:\flask\venv\lib\site-packages\flask\app.py", line 1614, in full_dispatch_request
    rv = self.handle_user_exception(e)
  File "C:\flask\venv\lib\site-packages\flask\app.py", line 1517, in handle_user_exception
    reraise(exc_type, exc_value, tb)
  File "C:\flask\venv\lib\site-packages\flask\_compat.py", line 33, in reraise
    raise value
  File "C:\flask\venv\lib\site-packages\flask\app.py", line 1612, in full_dispatch_request
    rv = self.dispatch_request()
  File "C:\flask\venv\lib\site-packages\flask\app.py", line 1598, in dispatch_request
    return self.view_functions[rule.endpoint](**req.view_args)
  File "C:\flask\venv\lib\site-packages\flask_maple\captcha.py", line 41, in _response
    buf = t.start(font_type=self.font)
  File "C:\flask\venv\lib\site-packages\flask_maple\captcha.py", line 129, in start
    code_img = self.create_validate_code()
  File "C:\flask\venv\lib\site-packages\flask_maple\captcha.py", line 78, in create_validate_code
    width, height, fg_color)
  File "C:\flask\venv\lib\site-packages\flask_maple\captcha.py", line 114, in create_strs
    font = ImageFont.truetype(font_type, font_size)
  File "C:\flask\venv\lib\site-packages\PIL\ImageFont.py", line 260, in truetype
    return FreeTypeFont(font, size, index, encoding, layout_engine)
  File "C:\flask\venv\lib\site-packages\PIL\ImageFont.py", line 143, in __init__
    self.font = core.getfont(font, size, index, encoding, layout_engine=layout_engine)
OSError: cannot open resource

        Message type:       ERROR
        Location:           C:\flask\venv\lib\site-packages\flask_maple\error.py:36
        Module:             error
        Function:           error
        Time:               2018-02-03 05:31:52,226

        Message:

        cannot open resource
        

        Message type:       ERROR
        Location:           C:\flask\venv\lib\site-packages\flask\app.py:1560
        Module:             app
        Function:           log_exception
        Time:               2018-02-03 05:32:55,524

        Message:

        Exception on /captcha [GET]
        
Traceback (most recent call last):
  File "C:\flask\venv\lib\site-packages\flask\app.py", line 1982, in wsgi_app
    response = self.full_dispatch_request()
  File "C:\flask\venv\lib\site-packages\flask\app.py", line 1614, in full_dispatch_request
    rv = self.handle_user_exception(e)
  File "C:\flask\venv\lib\site-packages\flask\app.py", line 1517, in handle_user_exception
    reraise(exc_type, exc_value, tb)
  File "C:\flask\venv\lib\site-packages\flask\_compat.py", line 33, in reraise
    raise value
  File "C:\flask\venv\lib\site-packages\flask\app.py", line 1612, in full_dispatch_request
    rv = self.dispatch_request()
  File "C:\flask\venv\lib\site-packages\flask\app.py", line 1598, in dispatch_request
    return self.view_functions[rule.endpoint](**req.view_args)
  File "C:\flask\venv\lib\site-packages\flask_maple\captcha.py", line 41, in _response
    buf = t.start(font_type=self.font)
  File "C:\flask\venv\lib\site-packages\flask_maple\captcha.py", line 129, in start
    code_img = self.create_validate_code()
  File "C:\flask\venv\lib\site-packages\flask_maple\captcha.py", line 78, in create_validate_code
    width, height, fg_color)
  File "C:\flask\venv\lib\site-packages\flask_maple\captcha.py", line 114, in create_strs
    font = ImageFont.truetype(font_type, font_size)
  File "C:\flask\venv\lib\site-packages\PIL\ImageFont.py", line 260, in truetype
    return FreeTypeFont(font, size, index, encoding, layout_engine)
  File "C:\flask\venv\lib\site-packages\PIL\ImageFont.py", line 143, in __init__
    self.font = core.getfont(font, size, index, encoding, layout_engine=layout_engine)
OSError: cannot open resource

        Message type:       ERROR
        Location:           C:\flask\venv\lib\site-packages\flask_maple\error.py:36
        Module:             error
        Function:           error
        Time:               2018-02-03 05:32:55,539

        Message:

        cannot open resource
        

        Message type:       ERROR
        Location:           C:\flask\venv\lib\site-packages\flask\app.py:1560
        Module:             app
        Function:           log_exception
        Time:               2018-02-03 05:35:10,592

        Message:

        Exception on /captcha [GET]
        
Traceback (most recent call last):
  File "C:\flask\venv\lib\site-packages\flask\app.py", line 1982, in wsgi_app
    response = self.full_dispatch_request()
  File "C:\flask\venv\lib\site-packages\flask\app.py", line 1614, in full_dispatch_request
    rv = self.handle_user_exception(e)
  File "C:\flask\venv\lib\site-packages\flask\app.py", line 1517, in handle_user_exception
    reraise(exc_type, exc_value, tb)
  File "C:\flask\venv\lib\site-packages\flask\_compat.py", line 33, in reraise
    raise value
  File "C:\flask\venv\lib\site-packages\flask\app.py", line 1612, in full_dispatch_request
    rv = self.dispatch_request()
  File "C:\flask\venv\lib\site-packages\flask\app.py", line 1598, in dispatch_request
    return self.view_functions[rule.endpoint](**req.view_args)
  File "C:\flask\venv\lib\site-packages\flask_maple\captcha.py", line 41, in _response
    buf = t.start(font_type=self.font)
  File "C:\flask\venv\lib\site-packages\flask_maple\captcha.py", line 129, in start
    code_img = self.create_validate_code()
  File "C:\flask\venv\lib\site-packages\flask_maple\captcha.py", line 78, in create_validate_code
    width, height, fg_color)
  File "C:\flask\venv\lib\site-packages\flask_maple\captcha.py", line 114, in create_strs
    font = ImageFont.truetype(font_type, font_size)
  File "C:\flask\venv\lib\site-packages\PIL\ImageFont.py", line 260, in truetype
    return FreeTypeFont(font, size, index, encoding, layout_engine)
  File "C:\flask\venv\lib\site-packages\PIL\ImageFont.py", line 143, in __init__
    self.font = core.getfont(font, size, index, encoding, layout_engine=layout_engine)
OSError: cannot open resource

        Message type:       ERROR
        Location:           C:\flask\venv\lib\site-packages\flask_maple\error.py:36
        Module:             error
        Function:           error
        Time:               2018-02-03 05:35:10,598

        Message:

        cannot open resource
        

        Message type:       ERROR
        Location:           C:\flask\venv\lib\site-packages\flask\app.py:1560
        Module:             app
        Function:           log_exception
        Time:               2018-02-03 05:35:10,747

        Message:

        Exception on /captcha [GET]
        
Traceback (most recent call last):
  File "C:\flask\venv\lib\site-packages\flask\app.py", line 1982, in wsgi_app
    response = self.full_dispatch_request()
  File "C:\flask\venv\lib\site-packages\flask\app.py", line 1614, in full_dispatch_request
    rv = self.handle_user_exception(e)
  File "C:\flask\venv\lib\site-packages\flask\app.py", line 1517, in handle_user_exception
    reraise(exc_type, exc_value, tb)
  File "C:\flask\venv\lib\site-packages\flask\_compat.py", line 33, in reraise
    raise value
  File "C:\flask\venv\lib\site-packages\flask\app.py", line 1612, in full_dispatch_request
    rv = self.dispatch_request()
  File "C:\flask\venv\lib\site-packages\flask\app.py", line 1598, in dispatch_request
    return self.view_functions[rule.endpoint](**req.view_args)
  File "C:\flask\venv\lib\site-packages\flask_maple\captcha.py", line 41, in _response
    buf = t.start(font_type=self.font)
  File "C:\flask\venv\lib\site-packages\flask_maple\captcha.py", line 129, in start
    code_img = self.create_validate_code()
  File "C:\flask\venv\lib\site-packages\flask_maple\captcha.py", line 78, in create_validate_code
    width, height, fg_color)
  File "C:\flask\venv\lib\site-packages\flask_maple\captcha.py", line 114, in create_strs
    font = ImageFont.truetype(font_type, font_size)
  File "C:\flask\venv\lib\site-packages\PIL\ImageFont.py", line 260, in truetype
    return FreeTypeFont(font, size, index, encoding, layout_engine)
  File "C:\flask\venv\lib\site-packages\PIL\ImageFont.py", line 143, in __init__
    self.font = core.getfont(font, size, index, encoding, layout_engine=layout_engine)
OSError: cannot open resource

        Message type:       ERROR
        Location:           C:\flask\venv\lib\site-packages\flask_maple\error.py:36
        Module:             error
        Function:           error
        Time:               2018-02-03 05:35:10,751

        Message:

        cannot open resource
        

        Message type:       WARNING
        Location:           C:\flask\venv\lib\site-packages\flask_maple\error.py:32
        Module:             error
        Function:           not_found
        Time:               2018-02-03 05:55:11,930

        Message:

        404 Not Found: The requested URL was not found on the server.  If you entered the URL manually please check your spelling and try again.
        

        Message type:       WARNING
        Location:           C:\flask\venv\lib\site-packages\flask_maple\error.py:32
        Module:             error
        Function:           not_found
        Time:               2018-02-03 05:55:22,522

        Message:

        404 Not Found: The requested URL was not found on the server.  If you entered the URL manually please check your spelling and try again.
        

        Message type:       WARNING
        Location:           C:\flask\venv\lib\site-packages\flask_maple\error.py:32
        Module:             error
        Function:           not_found
        Time:               2018-02-03 05:55:58,363

        Message:

        404 Not Found: The requested URL was not found on the server.  If you entered the URL manually please check your spelling and try again.
        

        Message type:       WARNING
        Location:           C:\flask\venv\lib\site-packages\flask_maple\error.py:32
        Module:             error
        Function:           not_found
        Time:               2018-02-03 05:56:00,662

        Message:

        404 Not Found: The requested URL was not found on the server.  If you entered the URL manually please check your spelling and try again.
        

        Message type:       WARNING
        Location:           C:\flask\venv\lib\site-packages\flask_maple\error.py:32
        Module:             error
        Function:           not_found
        Time:               2018-02-03 05:56:01,460

        Message:

        404 Not Found: The requested URL was not found on the server.  If you entered the URL manually please check your spelling and try again.
        

        Message type:       WARNING
        Location:           C:\flask\venv\lib\site-packages\flask_maple\error.py:32
        Module:             error
        Function:           not_found
        Time:               2018-02-03 05:57:20,796

        Message:

        404 Not Found: The requested URL was not found on the server.  If you entered the URL manually please check your spelling and try again.
        

        Message type:       WARNING
        Location:           C:\flask\venv\lib\site-packages\flask_maple\error.py:32
        Module:             error
        Function:           not_found
        Time:               2018-02-03 05:57:45,180

        Message:

        404 Not Found: The requested URL was not found on the server.  If you entered the URL manually please check your spelling and try again.
        

        Message type:       WARNING
        Location:           C:\flask\venv\lib\site-packages\flask_maple\error.py:32
        Module:             error
        Function:           not_found
        Time:               2018-02-03 05:57:58,174

        Message:

        404 Not Found: The requested URL was not found on the server.  If you entered the URL manually please check your spelling and try again.
        

        Message type:       WARNING
        Location:           C:\flask\venv\lib\site-packages\flask_maple\error.py:32
        Module:             error
        Function:           not_found
        Time:               2018-02-03 06:01:07,956

        Message:

        404 Not Found: The requested URL was not found on the server.  If you entered the URL manually please check your spelling and try again.
        

        Message type:       ERROR
        Location:           C:\flask\venv\lib\site-packages\flask\app.py:1560
        Module:             app
        Function:           log_exception
        Time:               2018-02-03 06:02:03,529

        Message:

        Exception on /captcha [GET]
        
Traceback (most recent call last):
  File "C:\flask\venv\lib\site-packages\flask\app.py", line 1982, in wsgi_app
    response = self.full_dispatch_request()
  File "C:\flask\venv\lib\site-packages\flask\app.py", line 1614, in full_dispatch_request
    rv = self.handle_user_exception(e)
  File "C:\flask\venv\lib\site-packages\flask\app.py", line 1517, in handle_user_exception
    reraise(exc_type, exc_value, tb)
  File "C:\flask\venv\lib\site-packages\flask\_compat.py", line 33, in reraise
    raise value
  File "C:\flask\venv\lib\site-packages\flask\app.py", line 1612, in full_dispatch_request
    rv = self.dispatch_request()
  File "C:\flask\venv\lib\site-packages\flask\app.py", line 1598, in dispatch_request
    return self.view_functions[rule.endpoint](**req.view_args)
  File "C:\flask\venv\lib\site-packages\flask_maple\captcha.py", line 41, in _response
    buf = t.start(font_type=self.font)
  File "C:\flask\venv\lib\site-packages\flask_maple\captcha.py", line 129, in start
    code_img = self.create_validate_code()
  File "C:\flask\venv\lib\site-packages\flask_maple\captcha.py", line 78, in create_validate_code
    width, height, fg_color)
  File "C:\flask\venv\lib\site-packages\flask_maple\captcha.py", line 114, in create_strs
    font = ImageFont.truetype(font_type, font_size)
  File "C:\flask\venv\lib\site-packages\PIL\ImageFont.py", line 260, in truetype
    return FreeTypeFont(font, size, index, encoding, layout_engine)
  File "C:\flask\venv\lib\site-packages\PIL\ImageFont.py", line 143, in __init__
    self.font = core.getfont(font, size, index, encoding, layout_engine=layout_engine)
OSError: cannot open resource

        Message type:       ERROR
        Location:           C:\flask\venv\lib\site-packages\flask_maple\error.py:36
        Module:             error
        Function:           error
        Time:               2018-02-03 06:02:03,546

        Message:

        cannot open resource
        

        Message type:       ERROR
        Location:           C:\flask\venv\lib\site-packages\flask\app.py:1560
        Module:             app
        Function:           log_exception
        Time:               2018-02-03 06:02:05,306

        Message:

        Exception on /captcha [GET]
        
Traceback (most recent call last):
  File "C:\flask\venv\lib\site-packages\flask\app.py", line 1982, in wsgi_app
    response = self.full_dispatch_request()
  File "C:\flask\venv\lib\site-packages\flask\app.py", line 1614, in full_dispatch_request
    rv = self.handle_user_exception(e)
  File "C:\flask\venv\lib\site-packages\flask\app.py", line 1517, in handle_user_exception
    reraise(exc_type, exc_value, tb)
  File "C:\flask\venv\lib\site-packages\flask\_compat.py", line 33, in reraise
    raise value
  File "C:\flask\venv\lib\site-packages\flask\app.py", line 1612, in full_dispatch_request
    rv = self.dispatch_request()
  File "C:\flask\venv\lib\site-packages\flask\app.py", line 1598, in dispatch_request
    return self.view_functions[rule.endpoint](**req.view_args)
  File "C:\flask\venv\lib\site-packages\flask_maple\captcha.py", line 41, in _response
    buf = t.start(font_type=self.font)
  File "C:\flask\venv\lib\site-packages\flask_maple\captcha.py", line 129, in start
    code_img = self.create_validate_code()
  File "C:\flask\venv\lib\site-packages\flask_maple\captcha.py", line 78, in create_validate_code
    width, height, fg_color)
  File "C:\flask\venv\lib\site-packages\flask_maple\captcha.py", line 114, in create_strs
    font = ImageFont.truetype(font_type, font_size)
  File "C:\flask\venv\lib\site-packages\PIL\ImageFont.py", line 260, in truetype
    return FreeTypeFont(font, size, index, encoding, layout_engine)
  File "C:\flask\venv\lib\site-packages\PIL\ImageFont.py", line 143, in __init__
    self.font = core.getfont(font, size, index, encoding, layout_engine=layout_engine)
OSError: cannot open resource

        Message type:       ERROR
        Location:           C:\flask\venv\lib\site-packages\flask_maple\error.py:36
        Module:             error
        Function:           error
        Time:               2018-02-03 06:02:05,329

        Message:

        cannot open resource
        

        Message type:       ERROR
        Location:           C:\flask\venv\lib\site-packages\flask\app.py:1560
        Module:             app
        Function:           log_exception
        Time:               2018-02-03 06:02:06,144

        Message:

        Exception on /captcha [GET]
        
Traceback (most recent call last):
  File "C:\flask\venv\lib\site-packages\flask\app.py", line 1982, in wsgi_app
    response = self.full_dispatch_request()
  File "C:\flask\venv\lib\site-packages\flask\app.py", line 1614, in full_dispatch_request
    rv = self.handle_user_exception(e)
  File "C:\flask\venv\lib\site-packages\flask\app.py", line 1517, in handle_user_exception
    reraise(exc_type, exc_value, tb)
  File "C:\flask\venv\lib\site-packages\flask\_compat.py", line 33, in reraise
    raise value
  File "C:\flask\venv\lib\site-packages\flask\app.py", line 1612, in full_dispatch_request
    rv = self.dispatch_request()
  File "C:\flask\venv\lib\site-packages\flask\app.py", line 1598, in dispatch_request
    return self.view_functions[rule.endpoint](**req.view_args)
  File "C:\flask\venv\lib\site-packages\flask_maple\captcha.py", line 41, in _response
    buf = t.start(font_type=self.font)
  File "C:\flask\venv\lib\site-packages\flask_maple\captcha.py", line 129, in start
    code_img = self.create_validate_code()
  File "C:\flask\venv\lib\site-packages\flask_maple\captcha.py", line 78, in create_validate_code
    width, height, fg_color)
  File "C:\flask\venv\lib\site-packages\flask_maple\captcha.py", line 114, in create_strs
    font = ImageFont.truetype(font_type, font_size)
  File "C:\flask\venv\lib\site-packages\PIL\ImageFont.py", line 260, in truetype
    return FreeTypeFont(font, size, index, encoding, layout_engine)
  File "C:\flask\venv\lib\site-packages\PIL\ImageFont.py", line 143, in __init__
    self.font = core.getfont(font, size, index, encoding, layout_engine=layout_engine)
OSError: cannot open resource

        Message type:       ERROR
        Location:           C:\flask\venv\lib\site-packages\flask_maple\error.py:36
        Module:             error
        Function:           error
        Time:               2018-02-03 06:02:06,150

        Message:

        cannot open resource
        

        Message type:       ERROR
        Location:           C:\flask\venv\lib\site-packages\flask\app.py:1560
        Module:             app
        Function:           log_exception
        Time:               2018-02-03 06:02:06,915

        Message:

        Exception on /captcha [GET]
        
Traceback (most recent call last):
  File "C:\flask\venv\lib\site-packages\flask\app.py", line 1982, in wsgi_app
    response = self.full_dispatch_request()
  File "C:\flask\venv\lib\site-packages\flask\app.py", line 1614, in full_dispatch_request
    rv = self.handle_user_exception(e)
  File "C:\flask\venv\lib\site-packages\flask\app.py", line 1517, in handle_user_exception
    reraise(exc_type, exc_value, tb)
  File "C:\flask\venv\lib\site-packages\flask\_compat.py", line 33, in reraise
    raise value
  File "C:\flask\venv\lib\site-packages\flask\app.py", line 1612, in full_dispatch_request
    rv = self.dispatch_request()
  File "C:\flask\venv\lib\site-packages\flask\app.py", line 1598, in dispatch_request
    return self.view_functions[rule.endpoint](**req.view_args)
  File "C:\flask\venv\lib\site-packages\flask_maple\captcha.py", line 41, in _response
    buf = t.start(font_type=self.font)
  File "C:\flask\venv\lib\site-packages\flask_maple\captcha.py", line 129, in start
    code_img = self.create_validate_code()
  File "C:\flask\venv\lib\site-packages\flask_maple\captcha.py", line 78, in create_validate_code
    width, height, fg_color)
  File "C:\flask\venv\lib\site-packages\flask_maple\captcha.py", line 114, in create_strs
    font = ImageFont.truetype(font_type, font_size)
  File "C:\flask\venv\lib\site-packages\PIL\ImageFont.py", line 260, in truetype
    return FreeTypeFont(font, size, index, encoding, layout_engine)
  File "C:\flask\venv\lib\site-packages\PIL\ImageFont.py", line 143, in __init__
    self.font = core.getfont(font, size, index, encoding, layout_engine=layout_engine)
OSError: cannot open resource

        Message type:       ERROR
        Location:           C:\flask\venv\lib\site-packages\flask_maple\error.py:36
        Module:             error
        Function:           error
        Time:               2018-02-03 06:02:06,927

        Message:

        cannot open resource
        

        Message type:       ERROR
        Location:           C:\flask\venv\lib\site-packages\flask\app.py:1560
        Module:             app
        Function:           log_exception
        Time:               2018-02-03 06:02:24,519

        Message:

        Exception on /captcha [GET]
        
Traceback (most recent call last):
  File "C:\flask\venv\lib\site-packages\flask\app.py", line 1982, in wsgi_app
    response = self.full_dispatch_request()
  File "C:\flask\venv\lib\site-packages\flask\app.py", line 1614, in full_dispatch_request
    rv = self.handle_user_exception(e)
  File "C:\flask\venv\lib\site-packages\flask\app.py", line 1517, in handle_user_exception
    reraise(exc_type, exc_value, tb)
  File "C:\flask\venv\lib\site-packages\flask\_compat.py", line 33, in reraise
    raise value
  File "C:\flask\venv\lib\site-packages\flask\app.py", line 1612, in full_dispatch_request
    rv = self.dispatch_request()
  File "C:\flask\venv\lib\site-packages\flask\app.py", line 1598, in dispatch_request
    return self.view_functions[rule.endpoint](**req.view_args)
  File "C:\flask\venv\lib\site-packages\flask_maple\captcha.py", line 41, in _response
    buf = t.start(font_type=self.font)
  File "C:\flask\venv\lib\site-packages\flask_maple\captcha.py", line 129, in start
    code_img = self.create_validate_code()
  File "C:\flask\venv\lib\site-packages\flask_maple\captcha.py", line 78, in create_validate_code
    width, height, fg_color)
  File "C:\flask\venv\lib\site-packages\flask_maple\captcha.py", line 114, in create_strs
    font = ImageFont.truetype(font_type, font_size)
  File "C:\flask\venv\lib\site-packages\PIL\ImageFont.py", line 260, in truetype
    return FreeTypeFont(font, size, index, encoding, layout_engine)
  File "C:\flask\venv\lib\site-packages\PIL\ImageFont.py", line 143, in __init__
    self.font = core.getfont(font, size, index, encoding, layout_engine=layout_engine)
OSError: cannot open resource

        Message type:       ERROR
        Location:           C:\flask\venv\lib\site-packages\flask_maple\error.py:36
        Module:             error
        Function:           error
        Time:               2018-02-03 06:02:24,530

        Message:

        cannot open resource
        

        Message type:       ERROR
        Location:           C:\flask\venv\lib\site-packages\flask\app.py:1560
        Module:             app
        Function:           log_exception
        Time:               2018-02-03 06:02:47,781

        Message:

        Exception on /captcha [GET]
        
Traceback (most recent call last):
  File "C:\flask\venv\lib\site-packages\flask\app.py", line 1982, in wsgi_app
    response = self.full_dispatch_request()
  File "C:\flask\venv\lib\site-packages\flask\app.py", line 1614, in full_dispatch_request
    rv = self.handle_user_exception(e)
  File "C:\flask\venv\lib\site-packages\flask\app.py", line 1517, in handle_user_exception
    reraise(exc_type, exc_value, tb)
  File "C:\flask\venv\lib\site-packages\flask\_compat.py", line 33, in reraise
    raise value
  File "C:\flask\venv\lib\site-packages\flask\app.py", line 1612, in full_dispatch_request
    rv = self.dispatch_request()
  File "C:\flask\venv\lib\site-packages\flask\app.py", line 1598, in dispatch_request
    return self.view_functions[rule.endpoint](**req.view_args)
  File "C:\flask\venv\lib\site-packages\flask_maple\captcha.py", line 41, in _response
    buf = t.start(font_type=self.font)
  File "C:\flask\venv\lib\site-packages\flask_maple\captcha.py", line 129, in start
    code_img = self.create_validate_code()
  File "C:\flask\venv\lib\site-packages\flask_maple\captcha.py", line 78, in create_validate_code
    width, height, fg_color)
  File "C:\flask\venv\lib\site-packages\flask_maple\captcha.py", line 114, in create_strs
    font = ImageFont.truetype(font_type, font_size)
  File "C:\flask\venv\lib\site-packages\PIL\ImageFont.py", line 260, in truetype
    return FreeTypeFont(font, size, index, encoding, layout_engine)
  File "C:\flask\venv\lib\site-packages\PIL\ImageFont.py", line 143, in __init__
    self.font = core.getfont(font, size, index, encoding, layout_engine=layout_engine)
OSError: cannot open resource

        Message type:       ERROR
        Location:           C:\flask\venv\lib\site-packages\flask_maple\error.py:36
        Module:             error
        Function:           error
        Time:               2018-02-03 06:02:47,792

        Message:

        cannot open resource
        

        Message type:       ERROR
        Location:           C:\flask\venv\lib\site-packages\flask\app.py:1560
        Module:             app
        Function:           log_exception
        Time:               2018-02-03 06:04:26,579

        Message:

        Exception on /captcha [GET]
        
Traceback (most recent call last):
  File "C:\flask\venv\lib\site-packages\flask\app.py", line 1982, in wsgi_app
    response = self.full_dispatch_request()
  File "C:\flask\venv\lib\site-packages\flask\app.py", line 1614, in full_dispatch_request
    rv = self.handle_user_exception(e)
  File "C:\flask\venv\lib\site-packages\flask\app.py", line 1517, in handle_user_exception
    reraise(exc_type, exc_value, tb)
  File "C:\flask\venv\lib\site-packages\flask\_compat.py", line 33, in reraise
    raise value
  File "C:\flask\venv\lib\site-packages\flask\app.py", line 1612, in full_dispatch_request
    rv = self.dispatch_request()
  File "C:\flask\venv\lib\site-packages\flask\app.py", line 1598, in dispatch_request
    return self.view_functions[rule.endpoint](**req.view_args)
  File "C:\flask\venv\lib\site-packages\flask_maple\captcha.py", line 41, in _response
    buf = t.start(font_type=self.font)
  File "C:\flask\venv\lib\site-packages\flask_maple\captcha.py", line 129, in start
    code_img = self.create_validate_code()
  File "C:\flask\venv\lib\site-packages\flask_maple\captcha.py", line 78, in create_validate_code
    width, height, fg_color)
  File "C:\flask\venv\lib\site-packages\flask_maple\captcha.py", line 114, in create_strs
    font = ImageFont.truetype(font_type, font_size)
  File "C:\flask\venv\lib\site-packages\PIL\ImageFont.py", line 260, in truetype
    return FreeTypeFont(font, size, index, encoding, layout_engine)
  File "C:\flask\venv\lib\site-packages\PIL\ImageFont.py", line 143, in __init__
    self.font = core.getfont(font, size, index, encoding, layout_engine=layout_engine)
OSError: cannot open resource

        Message type:       ERROR
        Location:           C:\flask\venv\lib\site-packages\flask_maple\error.py:36
        Module:             error
        Function:           error
        Time:               2018-02-03 06:04:26,594

        Message:

        cannot open resource
        

        Message type:       ERROR
        Location:           C:\flask\venv\lib\site-packages\flask\app.py:1560
        Module:             app
        Function:           log_exception
        Time:               2018-02-03 06:09:56,809

        Message:

        Exception on /captcha [GET]
        
Traceback (most recent call last):
  File "C:\flask\venv\lib\site-packages\flask\app.py", line 1982, in wsgi_app
    response = self.full_dispatch_request()
  File "C:\flask\venv\lib\site-packages\flask\app.py", line 1614, in full_dispatch_request
    rv = self.handle_user_exception(e)
  File "C:\flask\venv\lib\site-packages\flask\app.py", line 1517, in handle_user_exception
    reraise(exc_type, exc_value, tb)
  File "C:\flask\venv\lib\site-packages\flask\_compat.py", line 33, in reraise
    raise value
  File "C:\flask\venv\lib\site-packages\flask\app.py", line 1612, in full_dispatch_request
    rv = self.dispatch_request()
  File "C:\flask\venv\lib\site-packages\flask\app.py", line 1598, in dispatch_request
    return self.view_functions[rule.endpoint](**req.view_args)
  File "C:\flask\venv\lib\site-packages\flask_maple\captcha.py", line 41, in _response
    buf = t.start(font_type=self.font)
  File "C:\flask\venv\lib\site-packages\flask_maple\captcha.py", line 129, in start
    code_img = self.create_validate_code()
  File "C:\flask\venv\lib\site-packages\flask_maple\captcha.py", line 78, in create_validate_code
    width, height, fg_color)
  File "C:\flask\venv\lib\site-packages\flask_maple\captcha.py", line 114, in create_strs
    font = ImageFont.truetype(font_type, font_size)
  File "C:\flask\venv\lib\site-packages\PIL\ImageFont.py", line 260, in truetype
    return FreeTypeFont(font, size, index, encoding, layout_engine)
  File "C:\flask\venv\lib\site-packages\PIL\ImageFont.py", line 143, in __init__
    self.font = core.getfont(font, size, index, encoding, layout_engine=layout_engine)
OSError: cannot open resource

        Message type:       ERROR
        Location:           C:\flask\venv\lib\site-packages\flask_maple\error.py:36
        Module:             error
        Function:           error
        Time:               2018-02-03 06:09:56,822

        Message:

        cannot open resource
        

        Message type:       ERROR
        Location:           C:\flask\venv\lib\site-packages\flask\app.py:1560
        Module:             app
        Function:           log_exception
        Time:               2018-02-03 06:09:57,909

        Message:

        Exception on /captcha [GET]
        
Traceback (most recent call last):
  File "C:\flask\venv\lib\site-packages\flask\app.py", line 1982, in wsgi_app
    response = self.full_dispatch_request()
  File "C:\flask\venv\lib\site-packages\flask\app.py", line 1614, in full_dispatch_request
    rv = self.handle_user_exception(e)
  File "C:\flask\venv\lib\site-packages\flask\app.py", line 1517, in handle_user_exception
    reraise(exc_type, exc_value, tb)
  File "C:\flask\venv\lib\site-packages\flask\_compat.py", line 33, in reraise
    raise value
  File "C:\flask\venv\lib\site-packages\flask\app.py", line 1612, in full_dispatch_request
    rv = self.dispatch_request()
  File "C:\flask\venv\lib\site-packages\flask\app.py", line 1598, in dispatch_request
    return self.view_functions[rule.endpoint](**req.view_args)
  File "C:\flask\venv\lib\site-packages\flask_maple\captcha.py", line 41, in _response
    buf = t.start(font_type=self.font)
  File "C:\flask\venv\lib\site-packages\flask_maple\captcha.py", line 129, in start
    code_img = self.create_validate_code()
  File "C:\flask\venv\lib\site-packages\flask_maple\captcha.py", line 78, in create_validate_code
    width, height, fg_color)
  File "C:\flask\venv\lib\site-packages\flask_maple\captcha.py", line 114, in create_strs
    font = ImageFont.truetype(font_type, font_size)
  File "C:\flask\venv\lib\site-packages\PIL\ImageFont.py", line 260, in truetype
    return FreeTypeFont(font, size, index, encoding, layout_engine)
  File "C:\flask\venv\lib\site-packages\PIL\ImageFont.py", line 143, in __init__
    self.font = core.getfont(font, size, index, encoding, layout_engine=layout_engine)
OSError: cannot open resource

        Message type:       ERROR
        Location:           C:\flask\venv\lib\site-packages\flask_maple\error.py:36
        Module:             error
        Function:           error
        Time:               2018-02-03 06:09:57,915

        Message:

        cannot open resource
        

        Message type:       ERROR
        Location:           C:\flask\venv\lib\site-packages\flask\app.py:1560
        Module:             app
        Function:           log_exception
        Time:               2018-02-03 06:10:06,262

        Message:

        Exception on /captcha [GET]
        
Traceback (most recent call last):
  File "C:\flask\venv\lib\site-packages\flask\app.py", line 1982, in wsgi_app
    response = self.full_dispatch_request()
  File "C:\flask\venv\lib\site-packages\flask\app.py", line 1614, in full_dispatch_request
    rv = self.handle_user_exception(e)
  File "C:\flask\venv\lib\site-packages\flask\app.py", line 1517, in handle_user_exception
    reraise(exc_type, exc_value, tb)
  File "C:\flask\venv\lib\site-packages\flask\_compat.py", line 33, in reraise
    raise value
  File "C:\flask\venv\lib\site-packages\flask\app.py", line 1612, in full_dispatch_request
    rv = self.dispatch_request()
  File "C:\flask\venv\lib\site-packages\flask\app.py", line 1598, in dispatch_request
    return self.view_functions[rule.endpoint](**req.view_args)
  File "C:\flask\venv\lib\site-packages\flask_maple\captcha.py", line 41, in _response
    buf = t.start(font_type=self.font)
  File "C:\flask\venv\lib\site-packages\flask_maple\captcha.py", line 129, in start
    code_img = self.create_validate_code()
  File "C:\flask\venv\lib\site-packages\flask_maple\captcha.py", line 78, in create_validate_code
    width, height, fg_color)
  File "C:\flask\venv\lib\site-packages\flask_maple\captcha.py", line 114, in create_strs
    font = ImageFont.truetype(font_type, font_size)
  File "C:\flask\venv\lib\site-packages\PIL\ImageFont.py", line 260, in truetype
    return FreeTypeFont(font, size, index, encoding, layout_engine)
  File "C:\flask\venv\lib\site-packages\PIL\ImageFont.py", line 143, in __init__
    self.font = core.getfont(font, size, index, encoding, layout_engine=layout_engine)
OSError: cannot open resource

        Message type:       ERROR
        Location:           C:\flask\venv\lib\site-packages\flask_maple\error.py:36
        Module:             error
        Function:           error
        Time:               2018-02-03 06:10:06,264

        Message:

        cannot open resource
        

        Message type:       WARNING
        Location:           C:\flask\venv\lib\site-packages\flask_maple\error.py:32
        Module:             error
        Function:           not_found
        Time:               2018-02-03 06:29:29,856

        Message:

        404 Not Found: The requested URL was not found on the server.  If you entered the URL manually please check your spelling and try again.
        

        Message type:       ERROR
        Location:           C:\flask\venv\lib\site-packages\flask\app.py:1560
        Module:             app
        Function:           log_exception
        Time:               2018-02-03 06:29:37,323

        Message:

        Exception on /captcha [GET]
        
Traceback (most recent call last):
  File "C:\flask\venv\lib\site-packages\flask\app.py", line 1982, in wsgi_app
    response = self.full_dispatch_request()
  File "C:\flask\venv\lib\site-packages\flask\app.py", line 1614, in full_dispatch_request
    rv = self.handle_user_exception(e)
  File "C:\flask\venv\lib\site-packages\flask\app.py", line 1517, in handle_user_exception
    reraise(exc_type, exc_value, tb)
  File "C:\flask\venv\lib\site-packages\flask\_compat.py", line 33, in reraise
    raise value
  File "C:\flask\venv\lib\site-packages\flask\app.py", line 1612, in full_dispatch_request
    rv = self.dispatch_request()
  File "C:\flask\venv\lib\site-packages\flask\app.py", line 1598, in dispatch_request
    return self.view_functions[rule.endpoint](**req.view_args)
  File "C:\flask\venv\lib\site-packages\flask_maple\captcha.py", line 41, in _response
    buf = t.start(font_type=self.font)
  File "C:\flask\venv\lib\site-packages\flask_maple\captcha.py", line 129, in start
    code_img = self.create_validate_code()
  File "C:\flask\venv\lib\site-packages\flask_maple\captcha.py", line 78, in create_validate_code
    width, height, fg_color)
  File "C:\flask\venv\lib\site-packages\flask_maple\captcha.py", line 114, in create_strs
    font = ImageFont.truetype(font_type, font_size)
  File "C:\flask\venv\lib\site-packages\PIL\ImageFont.py", line 260, in truetype
    return FreeTypeFont(font, size, index, encoding, layout_engine)
  File "C:\flask\venv\lib\site-packages\PIL\ImageFont.py", line 143, in __init__
    self.font = core.getfont(font, size, index, encoding, layout_engine=layout_engine)
OSError: cannot open resource

        Message type:       ERROR
        Location:           C:\flask\venv\lib\site-packages\flask_maple\error.py:36
        Module:             error
        Function:           error
        Time:               2018-02-03 06:29:37,337

        Message:

        cannot open resource
        

        Message type:       WARNING
        Location:           C:\flask\venv\lib\site-packages\flask_maple\error.py:32
        Module:             error
        Function:           not_found
        Time:               2018-02-03 06:37:09,170

        Message:

        404 Not Found: The requested URL was not found on the server.  If you entered the URL manually please check your spelling and try again.
        

        Message type:       INFO
        Location:           C:\flask\venv\lib\site-packages\flask_maple\error.py:37
        Module:             error
        Function:           not_found
        Time:               2018-02-12 23:33:05,925

        Message:

        404 Not Found: The requested URL was not found on the server.  If you entered the URL manually please check your spelling and try again.
        

        Message type:       INFO
        Location:           C:\flask\venv\lib\site-packages\flask_maple\error.py:37
        Module:             error
        Function:           not_found
        Time:               2018-02-12 23:33:06,111

        Message:

        404 Not Found: The requested URL was not found on the server.  If you entered the URL manually please check your spelling and try again.
        

        Message type:       INFO
        Location:           C:\flask\venv\lib\site-packages\flask_maple\error.py:37
        Module:             error
        Function:           not_found
        Time:               2018-02-12 23:33:06,158

        Message:

        404 Not Found: The requested URL was not found on the server.  If you entered the URL manually please check your spelling and try again.
        

        Message type:       INFO
        Location:           C:\flask\venv\lib\site-packages\flask_maple\error.py:37
        Module:             error
        Function:           not_found
        Time:               2018-02-12 23:33:06,344

        Message:

        404 Not Found: The requested URL was not found on the server.  If you entered the URL manually please check your spelling and try again.
        

        Message type:       INFO
        Location:           C:\flask\venv\lib\site-packages\flask_maple\error.py:37
        Module:             error
        Function:           not_found
        Time:               2018-02-12 23:33:06,430

        Message:

        404 Not Found: The requested URL was not found on the server.  If you entered the URL manually please check your spelling and try again.
        

        Message type:       INFO
        Location:           C:\flask\venv\lib\site-packages\flask_maple\error.py:37
        Module:             error
        Function:           not_found
        Time:               2018-02-12 23:33:11,145

        Message:

        404 Not Found: The requested URL was not found on the server.  If you entered the URL manually please check your spelling and try again.
        

        Message type:       INFO
        Location:           C:\flask\venv\lib\site-packages\flask_maple\error.py:37
        Module:             error
        Function:           not_found
        Time:               2018-02-12 23:33:11,150

        Message:

        404 Not Found: The requested URL was not found on the server.  If you entered the URL manually please check your spelling and try again.
        

        Message type:       INFO
        Location:           C:\flask\venv\lib\site-packages\flask_maple\error.py:37
        Module:             error
        Function:           not_found
        Time:               2018-02-12 23:33:11,156

        Message:

        404 Not Found: The requested URL was not found on the server.  If you entered the URL manually please check your spelling and try again.
        

        Message type:       INFO
        Location:           C:\flask\venv\lib\site-packages\flask_maple\error.py:37
        Module:             error
        Function:           not_found
        Time:               2018-02-12 23:33:11,239

        Message:

        404 Not Found: The requested URL was not found on the server.  If you entered the URL manually please check your spelling and try again.
        

        Message type:       INFO
        Location:           C:\flask\venv\lib\site-packages\flask_maple\error.py:37
        Module:             error
        Function:           not_found
        Time:               2018-02-12 23:33:11,257

        Message:

        404 Not Found: The requested URL was not found on the server.  If you entered the URL manually please check your spelling and try again.
        

        Message type:       INFO
        Location:           C:\flask\venv\lib\site-packages\flask_maple\error.py:37
        Module:             error
        Function:           not_found
        Time:               2018-02-12 23:33:16,411

        Message:

        404 Not Found: The requested URL was not found on the server.  If you entered the URL manually please check your spelling and try again.
        

        Message type:       INFO
        Location:           C:\flask\venv\lib\site-packages\flask_maple\error.py:37
        Module:             error
        Function:           not_found
        Time:               2018-02-12 23:33:16,442

        Message:

        404 Not Found: The requested URL was not found on the server.  If you entered the URL manually please check your spelling and try again.
        

        Message type:       INFO
        Location:           C:\flask\venv\lib\site-packages\flask_maple\error.py:37
        Module:             error
        Function:           not_found
        Time:               2018-02-12 23:33:16,486

        Message:

        404 Not Found: The requested URL was not found on the server.  If you entered the URL manually please check your spelling and try again.
        

        Message type:       INFO
        Location:           C:\flask\venv\lib\site-packages\flask_maple\error.py:37
        Module:             error
        Function:           not_found
        Time:               2018-02-12 23:33:16,504

        Message:

        404 Not Found: The requested URL was not found on the server.  If you entered the URL manually please check your spelling and try again.
        

        Message type:       INFO
        Location:           C:\flask\venv\lib\site-packages\flask_maple\error.py:37
        Module:             error
        Function:           not_found
        Time:               2018-02-12 23:33:18,569

        Message:

        404 Not Found: The requested URL was not found on the server.  If you entered the URL manually please check your spelling and try again.
        

        Message type:       INFO
        Location:           C:\flask\venv\lib\site-packages\flask_maple\error.py:37
        Module:             error
        Function:           not_found
        Time:               2018-02-12 23:33:18,576

        Message:

        404 Not Found: The requested URL was not found on the server.  If you entered the URL manually please check your spelling and try again.
        

        Message type:       INFO
        Location:           C:\flask\venv\lib\site-packages\flask_maple\error.py:37
        Module:             error
        Function:           not_found
        Time:               2018-02-12 23:33:18,580

        Message:

        404 Not Found: The requested URL was not found on the server.  If you entered the URL manually please check your spelling and try again.
        

        Message type:       INFO
        Location:           C:\flask\venv\lib\site-packages\flask_maple\error.py:37
        Module:             error
        Function:           not_found
        Time:               2018-02-12 23:33:18,596

        Message:

        404 Not Found: The requested URL was not found on the server.  If you entered the URL manually please check your spelling and try again.
        

        Message type:       INFO
        Location:           C:\flask\venv\lib\site-packages\flask_maple\error.py:37
        Module:             error
        Function:           not_found
        Time:               2018-02-12 23:33:19,735

        Message:

        404 Not Found: The requested URL was not found on the server.  If you entered the URL manually please check your spelling and try again.
        

        Message type:       INFO
        Location:           C:\flask\venv\lib\site-packages\flask_maple\error.py:37
        Module:             error
        Function:           not_found
        Time:               2018-02-12 23:33:21,097

        Message:

        404 Not Found: The requested URL was not found on the server.  If you entered the URL manually please check your spelling and try again.
        

        Message type:       INFO
        Location:           C:\flask\venv\lib\site-packages\flask_maple\error.py:37
        Module:             error
        Function:           not_found
        Time:               2018-02-12 23:33:21,126

        Message:

        404 Not Found: The requested URL was not found on the server.  If you entered the URL manually please check your spelling and try again.
        

        Message type:       INFO
        Location:           C:\flask\venv\lib\site-packages\flask_maple\error.py:37
        Module:             error
        Function:           not_found
        Time:               2018-02-12 23:33:21,155

        Message:

        404 Not Found: The requested URL was not found on the server.  If you entered the URL manually please check your spelling and try again.
        

        Message type:       INFO
        Location:           C:\flask\venv\lib\site-packages\flask_maple\error.py:37
        Module:             error
        Function:           not_found
        Time:               2018-02-12 23:33:21,204

        Message:

        404 Not Found: The requested URL was not found on the server.  If you entered the URL manually please check your spelling and try again.
        

        Message type:       INFO
        Location:           C:\flask\venv\lib\site-packages\flask_maple\error.py:37
        Module:             error
        Function:           not_found
        Time:               2018-02-12 23:33:22,597

        Message:

        404 Not Found: The requested URL was not found on the server.  If you entered the URL manually please check your spelling and try again.
        

        Message type:       INFO
        Location:           C:\flask\venv\lib\site-packages\flask_maple\error.py:37
        Module:             error
        Function:           not_found
        Time:               2018-02-12 23:33:22,605

        Message:

        404 Not Found: The requested URL was not found on the server.  If you entered the URL manually please check your spelling and try again.
        

        Message type:       INFO
        Location:           C:\flask\venv\lib\site-packages\flask_maple\error.py:37
        Module:             error
        Function:           not_found
        Time:               2018-02-12 23:33:22,614

        Message:

        404 Not Found: The requested URL was not found on the server.  If you entered the URL manually please check your spelling and try again.
        

        Message type:       INFO
        Location:           C:\flask\venv\lib\site-packages\flask_maple\error.py:37
        Module:             error
        Function:           not_found
        Time:               2018-02-12 23:33:22,638

        Message:

        404 Not Found: The requested URL was not found on the server.  If you entered the URL manually please check your spelling and try again.
        

        Message type:       INFO
        Location:           C:\flask\venv\lib\site-packages\flask_maple\error.py:37
        Module:             error
        Function:           not_found
        Time:               2018-02-12 23:33:33,498

        Message:

        404 Not Found: The requested URL was not found on the server.  If you entered the URL manually please check your spelling and try again.
        

        Message type:       INFO
        Location:           C:\flask\venv\lib\site-packages\flask_maple\error.py:37
        Module:             error
        Function:           not_found
        Time:               2018-02-12 23:33:36,084

        Message:

        404 Not Found: The requested URL was not found on the server.  If you entered the URL manually please check your spelling and try again.
        

        Message type:       INFO
        Location:           C:\flask\venv\lib\site-packages\flask_maple\error.py:37
        Module:             error
        Function:           not_found
        Time:               2018-02-12 23:33:36,107

        Message:

        404 Not Found: The requested URL was not found on the server.  If you entered the URL manually please check your spelling and try again.
        

        Message type:       INFO
        Location:           C:\flask\venv\lib\site-packages\flask_maple\error.py:37
        Module:             error
        Function:           not_found
        Time:               2018-02-12 23:33:36,128

        Message:

        404 Not Found: The requested URL was not found on the server.  If you entered the URL manually please check your spelling and try again.
        

        Message type:       INFO
        Location:           C:\flask\venv\lib\site-packages\flask_maple\error.py:37
        Module:             error
        Function:           not_found
        Time:               2018-02-12 23:33:36,183

        Message:

        404 Not Found: The requested URL was not found on the server.  If you entered the URL manually please check your spelling and try again.
        

        Message type:       INFO
        Location:           C:\flask\venv\lib\site-packages\flask_maple\error.py:37
        Module:             error
        Function:           not_found
        Time:               2018-02-12 23:33:37,600

        Message:

        404 Not Found: The requested URL was not found on the server.  If you entered the URL manually please check your spelling and try again.
        

        Message type:       INFO
        Location:           C:\flask\venv\lib\site-packages\flask_maple\error.py:37
        Module:             error
        Function:           not_found
        Time:               2018-02-12 23:33:37,606

        Message:

        404 Not Found: The requested URL was not found on the server.  If you entered the URL manually please check your spelling and try again.
        

        Message type:       INFO
        Location:           C:\flask\venv\lib\site-packages\flask_maple\error.py:37
        Module:             error
        Function:           not_found
        Time:               2018-02-12 23:33:37,612

        Message:

        404 Not Found: The requested URL was not found on the server.  If you entered the URL manually please check your spelling and try again.
        

        Message type:       INFO
        Location:           C:\flask\venv\lib\site-packages\flask_maple\error.py:37
        Module:             error
        Function:           not_found
        Time:               2018-02-12 23:33:37,638

        Message:

        404 Not Found: The requested URL was not found on the server.  If you entered the URL manually please check your spelling and try again.
        

        Message type:       INFO
        Location:           C:\flask\venv\lib\site-packages\flask_maple\error.py:37
        Module:             error
        Function:           not_found
        Time:               2018-02-12 23:33:37,652

        Message:

        404 Not Found: The requested URL was not found on the server.  If you entered the URL manually please check your spelling and try again.
        

        Message type:       INFO
        Location:           C:\flask\venv\lib\site-packages\flask_maple\error.py:37
        Module:             error
        Function:           not_found
        Time:               2018-02-12 23:33:40,676

        Message:

        404 Not Found: The requested URL was not found on the server.  If you entered the URL manually please check your spelling and try again.
        

        Message type:       INFO
        Location:           C:\flask\venv\lib\site-packages\flask_maple\error.py:37
        Module:             error
        Function:           not_found
        Time:               2018-02-12 23:34:16,555

        Message:

        404 Not Found: The requested URL was not found on the server.  If you entered the URL manually please check your spelling and try again.
        

        Message type:       INFO
        Location:           C:\flask\venv\lib\site-packages\flask_maple\error.py:37
        Module:             error
        Function:           not_found
        Time:               2018-02-12 23:34:16,613

        Message:

        404 Not Found: The requested URL was not found on the server.  If you entered the URL manually please check your spelling and try again.
        

        Message type:       INFO
        Location:           C:\flask\venv\lib\site-packages\flask_maple\error.py:37
        Module:             error
        Function:           not_found
        Time:               2018-02-12 23:34:16,638

        Message:

        404 Not Found: The requested URL was not found on the server.  If you entered the URL manually please check your spelling and try again.
        

        Message type:       INFO
        Location:           C:\flask\venv\lib\site-packages\flask_maple\error.py:37
        Module:             error
        Function:           not_found
        Time:               2018-02-12 23:34:16,660

        Message:

        404 Not Found: The requested URL was not found on the server.  If you entered the URL manually please check your spelling and try again.
        

        Message type:       INFO
        Location:           C:\flask\venv\lib\site-packages\flask_maple\error.py:37
        Module:             error
        Function:           not_found
        Time:               2018-02-12 23:34:26,003

        Message:

        404 Not Found: The requested URL was not found on the server.  If you entered the URL manually please check your spelling and try again.
        

        Message type:       INFO
        Location:           C:\flask\venv\lib\site-packages\flask_maple\error.py:37
        Module:             error
        Function:           not_found
        Time:               2018-02-12 23:34:26,017

        Message:

        404 Not Found: The requested URL was not found on the server.  If you entered the URL manually please check your spelling and try again.
        

        Message type:       INFO
        Location:           C:\flask\venv\lib\site-packages\flask_maple\error.py:37
        Module:             error
        Function:           not_found
        Time:               2018-02-12 23:34:26,025

        Message:

        404 Not Found: The requested URL was not found on the server.  If you entered the URL manually please check your spelling and try again.
        

        Message type:       INFO
        Location:           C:\flask\venv\lib\site-packages\flask_maple\error.py:37
        Module:             error
        Function:           not_found
        Time:               2018-02-12 23:34:26,047

        Message:

        404 Not Found: The requested URL was not found on the server.  If you entered the URL manually please check your spelling and try again.
        

        Message type:       INFO
        Location:           C:\flask\venv\lib\site-packages\flask_maple\error.py:37
        Module:             error
        Function:           not_found
        Time:               2018-02-12 23:34:28,044

        Message:

        404 Not Found: The requested URL was not found on the server.  If you entered the URL manually please check your spelling and try again.
        

        Message type:       INFO
        Location:           C:\flask\venv\lib\site-packages\flask_maple\error.py:37
        Module:             error
        Function:           not_found
        Time:               2018-02-12 23:34:28,055

        Message:

        404 Not Found: The requested URL was not found on the server.  If you entered the URL manually please check your spelling and try again.
        

        Message type:       INFO
        Location:           C:\flask\venv\lib\site-packages\flask_maple\error.py:37
        Module:             error
        Function:           not_found
        Time:               2018-02-12 23:34:28,066

        Message:

        404 Not Found: The requested URL was not found on the server.  If you entered the URL manually please check your spelling and try again.
        

        Message type:       INFO
        Location:           C:\flask\venv\lib\site-packages\flask_maple\error.py:37
        Module:             error
        Function:           not_found
        Time:               2018-02-12 23:34:29,184

        Message:

        404 Not Found: The requested URL was not found on the server.  If you entered the URL manually please check your spelling and try again.
        

        Message type:       INFO
        Location:           C:\flask\venv\lib\site-packages\flask_maple\error.py:37
        Module:             error
        Function:           not_found
        Time:               2018-02-12 23:34:29,196

        Message:

        404 Not Found: The requested URL was not found on the server.  If you entered the URL manually please check your spelling and try again.
        

        Message type:       INFO
        Location:           C:\flask\venv\lib\site-packages\flask_maple\error.py:37
        Module:             error
        Function:           not_found
        Time:               2018-02-12 23:34:29,206

        Message:

        404 Not Found: The requested URL was not found on the server.  If you entered the URL manually please check your spelling and try again.
        

        Message type:       INFO
        Location:           C:\flask\venv\lib\site-packages\flask_maple\error.py:37
        Module:             error
        Function:           not_found
        Time:               2018-02-12 23:34:34,619

        Message:

        404 Not Found: The requested URL was not found on the server.  If you entered the URL manually please check your spelling and try again.
        

        Message type:       INFO
        Location:           C:\flask\venv\lib\site-packages\flask_maple\error.py:37
        Module:             error
        Function:           not_found
        Time:               2018-02-12 23:34:36,722

        Message:

        404 Not Found: The requested URL was not found on the server.  If you entered the URL manually please check your spelling and try again.
        

        Message type:       INFO
        Location:           C:\flask\venv\lib\site-packages\flask_maple\error.py:37
        Module:             error
        Function:           not_found
        Time:               2018-02-12 23:34:38,269

        Message:

        404 Not Found: The requested URL was not found on the server.  If you entered the URL manually please check your spelling and try again.
        

        Message type:       INFO
        Location:           C:\flask\venv\lib\site-packages\flask_maple\error.py:37
        Module:             error
        Function:           not_found
        Time:               2018-02-12 23:34:38,279

        Message:

        404 Not Found: The requested URL was not found on the server.  If you entered the URL manually please check your spelling and try again.
        

        Message type:       INFO
        Location:           C:\flask\venv\lib\site-packages\flask_maple\error.py:37
        Module:             error
        Function:           not_found
        Time:               2018-02-12 23:34:38,289

        Message:

        404 Not Found: The requested URL was not found on the server.  If you entered the URL manually please check your spelling and try again.
        

        Message type:       INFO
        Location:           C:\flask\venv\lib\site-packages\flask_maple\error.py:37
        Module:             error
        Function:           not_found
        Time:               2018-02-12 23:34:39,716

        Message:

        404 Not Found: The requested URL was not found on the server.  If you entered the URL manually please check your spelling and try again.
        

        Message type:       INFO
        Location:           C:\flask\venv\lib\site-packages\flask_maple\error.py:37
        Module:             error
        Function:           not_found
        Time:               2018-02-12 23:34:39,725

        Message:

        404 Not Found: The requested URL was not found on the server.  If you entered the URL manually please check your spelling and try again.
        

        Message type:       INFO
        Location:           C:\flask\venv\lib\site-packages\flask_maple\error.py:37
        Module:             error
        Function:           not_found
        Time:               2018-02-12 23:34:39,734

        Message:

        404 Not Found: The requested URL was not found on the server.  If you entered the URL manually please check your spelling and try again.
        

        Message type:       INFO
        Location:           C:\flask\venv\lib\site-packages\flask_maple\error.py:37
        Module:             error
        Function:           not_found
        Time:               2018-02-12 23:34:39,752

        Message:

        404 Not Found: The requested URL was not found on the server.  If you entered the URL manually please check your spelling and try again.
        

        Message type:       INFO
        Location:           C:\flask\venv\lib\site-packages\flask_maple\error.py:37
        Module:             error
        Function:           not_found
        Time:               2018-02-12 23:34:41,096

        Message:

        404 Not Found: The requested URL was not found on the server.  If you entered the URL manually please check your spelling and try again.
        

        Message type:       INFO
        Location:           C:\flask\venv\lib\site-packages\flask_maple\error.py:37
        Module:             error
        Function:           not_found
        Time:               2018-02-12 23:34:41,123

        Message:

        404 Not Found: The requested URL was not found on the server.  If you entered the URL manually please check your spelling and try again.
        

        Message type:       INFO
        Location:           C:\flask\venv\lib\site-packages\flask_maple\error.py:37
        Module:             error
        Function:           not_found
        Time:               2018-02-12 23:34:41,160

        Message:

        404 Not Found: The requested URL was not found on the server.  If you entered the URL manually please check your spelling and try again.
        

        Message type:       INFO
        Location:           C:\flask\venv\lib\site-packages\flask_maple\error.py:37
        Module:             error
        Function:           not_found
        Time:               2018-02-12 23:34:41,179

        Message:

        404 Not Found: The requested URL was not found on the server.  If you entered the URL manually please check your spelling and try again.
        

        Message type:       INFO
        Location:           C:\flask\venv\lib\site-packages\flask_maple\error.py:37
        Module:             error
        Function:           not_found
        Time:               2018-02-12 23:34:42,057

        Message:

        404 Not Found: The requested URL was not found on the server.  If you entered the URL manually please check your spelling and try again.
        

        Message type:       INFO
        Location:           C:\flask\venv\lib\site-packages\flask_maple\error.py:37
        Module:             error
        Function:           not_found
        Time:               2018-02-12 23:34:42,092

        Message:

        404 Not Found: The requested URL was not found on the server.  If you entered the URL manually please check your spelling and try again.
        

        Message type:       INFO
        Location:           C:\flask\venv\lib\site-packages\flask_maple\error.py:37
        Module:             error
        Function:           not_found
        Time:               2018-02-12 23:34:42,120

        Message:

        404 Not Found: The requested URL was not found on the server.  If you entered the URL manually please check your spelling and try again.
        

        Message type:       INFO
        Location:           C:\flask\venv\lib\site-packages\flask_maple\error.py:37
        Module:             error
        Function:           not_found
        Time:               2018-02-12 23:34:42,184

        Message:

        404 Not Found: The requested URL was not found on the server.  If you entered the URL manually please check your spelling and try again.
        

        Message type:       INFO
        Location:           C:\flask\venv\lib\site-packages\flask_maple\error.py:37
        Module:             error
        Function:           not_found
        Time:               2018-02-12 23:34:43,404

        Message:

        404 Not Found: The requested URL was not found on the server.  If you entered the URL manually please check your spelling and try again.
        

        Message type:       INFO
        Location:           C:\flask\venv\lib\site-packages\flask_maple\error.py:37
        Module:             error
        Function:           not_found
        Time:               2018-02-12 23:34:43,415

        Message:

        404 Not Found: The requested URL was not found on the server.  If you entered the URL manually please check your spelling and try again.
        

        Message type:       INFO
        Location:           C:\flask\venv\lib\site-packages\flask_maple\error.py:37
        Module:             error
        Function:           not_found
        Time:               2018-02-12 23:34:43,424

        Message:

        404 Not Found: The requested URL was not found on the server.  If you entered the URL manually please check your spelling and try again.
        

        Message type:       INFO
        Location:           C:\flask\venv\lib\site-packages\flask_maple\error.py:37
        Module:             error
        Function:           not_found
        Time:               2018-02-12 23:34:43,436

        Message:

        404 Not Found: The requested URL was not found on the server.  If you entered the URL manually please check your spelling and try again.
        

        Message type:       INFO
        Location:           C:\flask\venv\lib\site-packages\flask_maple\error.py:37
        Module:             error
        Function:           not_found
        Time:               2018-02-12 23:34:48,243

        Message:

        404 Not Found: The requested URL was not found on the server.  If you entered the URL manually please check your spelling and try again.
        

        Message type:       INFO
        Location:           C:\flask\venv\lib\site-packages\flask_maple\error.py:37
        Module:             error
        Function:           not_found
        Time:               2018-02-12 23:34:56,837

        Message:

        404 Not Found: The requested URL was not found on the server.  If you entered the URL manually please check your spelling and try again.
        

        Message type:       INFO
        Location:           C:\flask\venv\lib\site-packages\flask_maple\error.py:37
        Module:             error
        Function:           not_found
        Time:               2018-02-12 23:34:56,854

        Message:

        404 Not Found: The requested URL was not found on the server.  If you entered the URL manually please check your spelling and try again.
        

        Message type:       INFO
        Location:           C:\flask\venv\lib\site-packages\flask_maple\error.py:37
        Module:             error
        Function:           not_found
        Time:               2018-02-12 23:34:56,867

        Message:

        404 Not Found: The requested URL was not found on the server.  If you entered the URL manually please check your spelling and try again.
        

        Message type:       INFO
        Location:           C:\flask\venv\lib\site-packages\flask_maple\error.py:37
        Module:             error
        Function:           not_found
        Time:               2018-02-12 23:34:56,884

        Message:

        404 Not Found: The requested URL was not found on the server.  If you entered the URL manually please check your spelling and try again.
        

        Message type:       INFO
        Location:           C:\flask\venv\lib\site-packages\flask_maple\error.py:37
        Module:             error
        Function:           not_found
        Time:               2018-02-12 23:34:58,407

        Message:

        404 Not Found: The requested URL was not found on the server.  If you entered the URL manually please check your spelling and try again.
        

        Message type:       INFO
        Location:           C:\flask\venv\lib\site-packages\flask_maple\error.py:37
        Module:             error
        Function:           not_found
        Time:               2018-02-12 23:34:58,417

        Message:

        404 Not Found: The requested URL was not found on the server.  If you entered the URL manually please check your spelling and try again.
        

        Message type:       INFO
        Location:           C:\flask\venv\lib\site-packages\flask_maple\error.py:37
        Module:             error
        Function:           not_found
        Time:               2018-02-12 23:34:58,424

        Message:

        404 Not Found: The requested URL was not found on the server.  If you entered the URL manually please check your spelling and try again.
        

        Message type:       INFO
        Location:           C:\flask\venv\lib\site-packages\flask_maple\error.py:37
        Module:             error
        Function:           not_found
        Time:               2018-02-12 23:34:58,439

        Message:

        404 Not Found: The requested URL was not found on the server.  If you entered the URL manually please check your spelling and try again.
        

        Message type:       INFO
        Location:           C:\flask\venv\lib\site-packages\flask_maple\error.py:37
        Module:             error
        Function:           not_found
        Time:               2018-02-12 23:34:58,458

        Message:

        404 Not Found: The requested URL was not found on the server.  If you entered the URL manually please check your spelling and try again.
        

        Message type:       INFO
        Location:           C:\flask\venv\lib\site-packages\flask_maple\error.py:37
        Module:             error
        Function:           not_found
        Time:               2018-02-12 23:36:31,403

        Message:

        404 Not Found: The requested URL was not found on the server.  If you entered the URL manually please check your spelling and try again.
        

        Message type:       INFO
        Location:           C:\flask\venv\lib\site-packages\flask_maple\error.py:37
        Module:             error
        Function:           not_found
        Time:               2018-02-12 23:36:31,605

        Message:

        404 Not Found: The requested URL was not found on the server.  If you entered the URL manually please check your spelling and try again.
        

        Message type:       INFO
        Location:           C:\flask\venv\lib\site-packages\flask_maple\error.py:37
        Module:             error
        Function:           not_found
        Time:               2018-02-12 23:36:31,652

        Message:

        404 Not Found: The requested URL was not found on the server.  If you entered the URL manually please check your spelling and try again.
        

        Message type:       INFO
        Location:           C:\flask\venv\lib\site-packages\flask_maple\error.py:37
        Module:             error
        Function:           not_found
        Time:               2018-02-12 23:36:31,693

        Message:

        404 Not Found: The requested URL was not found on the server.  If you entered the URL manually please check your spelling and try again.
        

        Message type:       INFO
        Location:           C:\flask\venv\lib\site-packages\flask_maple\error.py:37
        Module:             error
        Function:           not_found
        Time:               2018-02-12 23:36:37,385

        Message:

        404 Not Found: The requested URL was not found on the server.  If you entered the URL manually please check your spelling and try again.
        

        Message type:       INFO
        Location:           C:\flask\venv\lib\site-packages\flask_maple\error.py:37
        Module:             error
        Function:           not_found
        Time:               2018-02-12 23:36:39,067

        Message:

        404 Not Found: The requested URL was not found on the server.  If you entered the URL manually please check your spelling and try again.
        

        Message type:       INFO
        Location:           C:\flask\venv\lib\site-packages\flask_maple\error.py:37
        Module:             error
        Function:           not_found
        Time:               2018-02-12 23:36:39,099

        Message:

        404 Not Found: The requested URL was not found on the server.  If you entered the URL manually please check your spelling and try again.
        

        Message type:       INFO
        Location:           C:\flask\venv\lib\site-packages\flask_maple\error.py:37
        Module:             error
        Function:           not_found
        Time:               2018-02-12 23:36:39,125

        Message:

        404 Not Found: The requested URL was not found on the server.  If you entered the URL manually please check your spelling and try again.
        

        Message type:       INFO
        Location:           C:\flask\venv\lib\site-packages\flask_maple\error.py:37
        Module:             error
        Function:           not_found
        Time:               2018-02-12 23:36:39,170

        Message:

        404 Not Found: The requested URL was not found on the server.  If you entered the URL manually please check your spelling and try again.
        

        Message type:       INFO
        Location:           C:\flask\venv\lib\site-packages\flask_maple\error.py:37
        Module:             error
        Function:           not_found
        Time:               2018-02-12 23:37:00,519

        Message:

        404 Not Found: The requested URL was not found on the server.  If you entered the URL manually please check your spelling and try again.
        

        Message type:       INFO
        Location:           C:\flask\venv\lib\site-packages\flask_maple\error.py:37
        Module:             error
        Function:           not_found
        Time:               2018-02-12 23:37:04,835

        Message:

        404 Not Found: The requested URL was not found on the server.  If you entered the URL manually please check your spelling and try again.
        

        Message type:       INFO
        Location:           C:\flask\venv\lib\site-packages\flask_maple\error.py:37
        Module:             error
        Function:           not_found
        Time:               2018-02-12 23:37:04,874

        Message:

        404 Not Found: The requested URL was not found on the server.  If you entered the URL manually please check your spelling and try again.
        

        Message type:       INFO
        Location:           C:\flask\venv\lib\site-packages\flask_maple\error.py:37
        Module:             error
        Function:           not_found
        Time:               2018-02-12 23:37:04,901

        Message:

        404 Not Found: The requested URL was not found on the server.  If you entered the URL manually please check your spelling and try again.
        

        Message type:       INFO
        Location:           C:\flask\venv\lib\site-packages\flask_maple\error.py:37
        Module:             error
        Function:           not_found
        Time:               2018-02-12 23:37:04,931

        Message:

        404 Not Found: The requested URL was not found on the server.  If you entered the URL manually please check your spelling and try again.
        

        Message type:       INFO
        Location:           C:\flask\venv\lib\site-packages\flask_maple\error.py:37
        Module:             error
        Function:           not_found
        Time:               2018-02-12 23:37:06,964

        Message:

        404 Not Found: The requested URL was not found on the server.  If you entered the URL manually please check your spelling and try again.
        

        Message type:       INFO
        Location:           C:\flask\venv\lib\site-packages\flask_maple\error.py:37
        Module:             error
        Function:           not_found
        Time:               2018-02-12 23:37:09,056

        Message:

        404 Not Found: The requested URL was not found on the server.  If you entered the URL manually please check your spelling and try again.
        

        Message type:       INFO
        Location:           C:\flask\venv\lib\site-packages\flask_maple\error.py:37
        Module:             error
        Function:           not_found
        Time:               2018-02-12 23:37:09,083

        Message:

        404 Not Found: The requested URL was not found on the server.  If you entered the URL manually please check your spelling and try again.
        

        Message type:       INFO
        Location:           C:\flask\venv\lib\site-packages\flask_maple\error.py:37
        Module:             error
        Function:           not_found
        Time:               2018-02-12 23:37:09,124

        Message:

        404 Not Found: The requested URL was not found on the server.  If you entered the URL manually please check your spelling and try again.
        

        Message type:       INFO
        Location:           C:\flask\venv\lib\site-packages\flask_maple\error.py:37
        Module:             error
        Function:           not_found
        Time:               2018-02-12 23:37:09,139

        Message:

        404 Not Found: The requested URL was not found on the server.  If you entered the URL manually please check your spelling and try again.
        

        Message type:       INFO
        Location:           C:\flask\venv\lib\site-packages\flask_maple\error.py:37
        Module:             error
        Function:           not_found
        Time:               2018-02-12 23:48:35,744

        Message:

        404 Not Found: The requested URL was not found on the server.  If you entered the URL manually please check your spelling and try again.
        

        Message type:       INFO
        Location:           C:\flask\venv\lib\site-packages\flask_maple\error.py:37
        Module:             error
        Function:           not_found
        Time:               2018-02-12 23:48:35,755

        Message:

        404 Not Found: The requested URL was not found on the server.  If you entered the URL manually please check your spelling and try again.
        

        Message type:       INFO
        Location:           C:\flask\venv\lib\site-packages\flask_maple\error.py:37
        Module:             error
        Function:           not_found
        Time:               2018-02-12 23:48:35,770

        Message:

        404 Not Found: The requested URL was not found on the server.  If you entered the URL manually please check your spelling and try again.
        

        Message type:       INFO
        Location:           C:\flask\venv\lib\site-packages\flask_maple\error.py:37
        Module:             error
        Function:           not_found
        Time:               2018-02-12 23:48:36,028

        Message:

        404 Not Found: The requested URL was not found on the server.  If you entered the URL manually please check your spelling and try again.
        

        Message type:       INFO
        Location:           C:\flask\venv\lib\site-packages\flask_maple\error.py:37
        Module:             error
        Function:           not_found
        Time:               2018-02-12 23:48:36,145

        Message:

        404 Not Found: The requested URL was not found on the server.  If you entered the URL manually please check your spelling and try again.
        

        Message type:       INFO
        Location:           C:\flask\venv\lib\site-packages\flask_maple\error.py:37
        Module:             error
        Function:           not_found
        Time:               2018-02-12 23:48:36,254

        Message:

        404 Not Found: The requested URL was not found on the server.  If you entered the URL manually please check your spelling and try again.
        

        Message type:       INFO
        Location:           C:\flask\venv\lib\site-packages\flask_maple\error.py:37
        Module:             error
        Function:           not_found
        Time:               2018-02-12 23:48:43,198

        Message:

        404 Not Found: The requested URL was not found on the server.  If you entered the URL manually please check your spelling and try again.
        

        Message type:       INFO
        Location:           C:\flask\venv\lib\site-packages\flask_maple\error.py:37
        Module:             error
        Function:           not_found
        Time:               2018-02-12 23:48:47,573

        Message:

        404 Not Found: The requested URL was not found on the server.  If you entered the URL manually please check your spelling and try again.
        

        Message type:       INFO
        Location:           C:\flask\venv\lib\site-packages\flask_maple\error.py:37
        Module:             error
        Function:           not_found
        Time:               2018-02-12 23:48:48,953

        Message:

        404 Not Found: The requested URL was not found on the server.  If you entered the URL manually please check your spelling and try again.
        

        Message type:       INFO
        Location:           C:\flask\venv\lib\site-packages\flask_maple\error.py:37
        Module:             error
        Function:           not_found
        Time:               2018-02-12 23:48:54,718

        Message:

        404 Not Found: The requested URL was not found on the server.  If you entered the URL manually please check your spelling and try again.
        

        Message type:       INFO
        Location:           C:\flask\venv\lib\site-packages\flask_maple\error.py:37
        Module:             error
        Function:           not_found
        Time:               2018-02-12 23:48:54,726

        Message:

        404 Not Found: The requested URL was not found on the server.  If you entered the URL manually please check your spelling and try again.
        

        Message type:       INFO
        Location:           C:\flask\venv\lib\site-packages\flask_maple\error.py:37
        Module:             error
        Function:           not_found
        Time:               2018-02-12 23:48:54,734

        Message:

        404 Not Found: The requested URL was not found on the server.  If you entered the URL manually please check your spelling and try again.
        

        Message type:       INFO
        Location:           C:\flask\venv\lib\site-packages\flask_maple\error.py:37
        Module:             error
        Function:           not_found
        Time:               2018-02-12 23:48:56,163

        Message:

        404 Not Found: The requested URL was not found on the server.  If you entered the URL manually please check your spelling and try again.
        

        Message type:       INFO
        Location:           C:\flask\venv\lib\site-packages\flask_maple\error.py:37
        Module:             error
        Function:           not_found
        Time:               2018-02-12 23:48:56,173

        Message:

        404 Not Found: The requested URL was not found on the server.  If you entered the URL manually please check your spelling and try again.
        

        Message type:       INFO
        Location:           C:\flask\venv\lib\site-packages\flask_maple\error.py:37
        Module:             error
        Function:           not_found
        Time:               2018-02-12 23:48:56,183

        Message:

        404 Not Found: The requested URL was not found on the server.  If you entered the URL manually please check your spelling and try again.
        

        Message type:       INFO
        Location:           C:\flask\venv\lib\site-packages\flask_maple\error.py:37
        Module:             error
        Function:           not_found
        Time:               2018-02-12 23:50:51,663

        Message:

        404 Not Found: The requested URL was not found on the server.  If you entered the URL manually please check your spelling and try again.
        

        Message type:       INFO
        Location:           C:\flask\venv\lib\site-packages\flask_maple\error.py:37
        Module:             error
        Function:           not_found
        Time:               2018-02-12 23:50:51,673

        Message:

        404 Not Found: The requested URL was not found on the server.  If you entered the URL manually please check your spelling and try again.
        

        Message type:       INFO
        Location:           C:\flask\venv\lib\site-packages\flask_maple\error.py:37
        Module:             error
        Function:           not_found
        Time:               2018-02-12 23:51:01,559

        Message:

        404 Not Found: The requested URL was not found on the server.  If you entered the URL manually please check your spelling and try again.
        

        Message type:       INFO
        Location:           C:\flask\venv\lib\site-packages\flask_maple\error.py:37
        Module:             error
        Function:           not_found
        Time:               2018-02-12 23:51:08,762

        Message:

        404 Not Found: The requested URL was not found on the server.  If you entered the URL manually please check your spelling and try again.
        

        Message type:       INFO
        Location:           C:\flask\venv\lib\site-packages\flask_maple\error.py:37
        Module:             error
        Function:           not_found
        Time:               2018-02-12 23:51:08,772

        Message:

        404 Not Found: The requested URL was not found on the server.  If you entered the URL manually please check your spelling and try again.
        

        Message type:       INFO
        Location:           C:\flask\venv\lib\site-packages\flask_maple\error.py:37
        Module:             error
        Function:           not_found
        Time:               2018-02-12 23:51:08,790

        Message:

        404 Not Found: The requested URL was not found on the server.  If you entered the URL manually please check your spelling and try again.
        

        Message type:       INFO
        Location:           C:\flask\venv\lib\site-packages\flask_maple\error.py:37
        Module:             error
        Function:           not_found
        Time:               2018-02-12 23:51:08,845

        Message:

        404 Not Found: The requested URL was not found on the server.  If you entered the URL manually please check your spelling and try again.
        

        Message type:       INFO
        Location:           C:\flask\venv\lib\site-packages\flask_maple\error.py:37
        Module:             error
        Function:           not_found
        Time:               2018-02-12 23:51:08,875

        Message:

        404 Not Found: The requested URL was not found on the server.  If you entered the URL manually please check your spelling and try again.
        

        Message type:       INFO
        Location:           C:\flask\venv\lib\site-packages\flask_maple\error.py:37
        Module:             error
        Function:           not_found
        Time:               2018-02-12 23:51:10,765

        Message:

        404 Not Found: The requested URL was not found on the server.  If you entered the URL manually please check your spelling and try again.
        

        Message type:       INFO
        Location:           C:\flask\venv\lib\site-packages\flask_maple\error.py:37
        Module:             error
        Function:           not_found
        Time:               2018-02-12 23:51:13,056

        Message:

        404 Not Found: The requested URL was not found on the server.  If you entered the URL manually please check your spelling and try again.
        

        Message type:       INFO
        Location:           C:\flask\venv\lib\site-packages\flask_maple\error.py:37
        Module:             error
        Function:           not_found
        Time:               2018-02-12 23:51:13,064

        Message:

        404 Not Found: The requested URL was not found on the server.  If you entered the URL manually please check your spelling and try again.
        

        Message type:       INFO
        Location:           C:\flask\venv\lib\site-packages\flask_maple\error.py:37
        Module:             error
        Function:           not_found
        Time:               2018-02-12 23:51:13,074

        Message:

        404 Not Found: The requested URL was not found on the server.  If you entered the URL manually please check your spelling and try again.
        
